<?xml version="1.0" encoding="UTF-8"?>
<!-- Generated by org.testng.reporters.JUnitReportReporter -->
<testsuite hostname="JoePC" failures="0" tests="1" name="TestCases.SearchByPeople" time="61.215" errors="0" timestamp="2021-06-08T22:32:26 EET" skipped="0">
  <testcase classname="TestCases.SearchByPeople" name="SearchingForValidAccount" time="61.215"/>
  <system-out/>
</testsuite> <!-- TestCases.SearchByPeople -->
