<?xml version="1.0" encoding="UTF-8"?>
<!-- Generated by org.testng.reporters.JUnitReportReporter -->
<testsuite hostname="JoePC" failures="0" tests="1" name="TestCases.ProfileAlbums" time="41.025" errors="0" timestamp="2021-06-04T19:14:08 EET" skipped="0">
  <testcase classname="TestCases.ProfileAlbums" name="AlbumImages" time="41.025"/>
  <system-out/>
</testsuite> <!-- TestCases.ProfileAlbums -->
