<?xml version="1.0" encoding="UTF-8"?>
<!-- Generated by org.testng.reporters.JUnitReportReporter -->
<testsuite hostname="JoePC" failures="0" tests="2" name="TestCases.ProfileSignOut" time="56.934" errors="0" timestamp="2021-06-04T19:12:58 EET" skipped="1">
  <testcase classname="TestCases.ProfileSignOut" name="SignOutAndReSignin" time="56.934"/>
  <system-out/>
  <testcase classname="TestCases.ProfileSignOut" name="SigningOutFromProfile">
    <skipped/>
  </testcase> <!-- SigningOutFromProfile -->
  <system-out/>
</testsuite> <!-- TestCases.ProfileSignOut -->
