<?xml version="1.0" encoding="UTF-8"?>
<!-- Generated by org.testng.reporters.JUnitReportReporter -->
<testsuite hostname="JoePC" failures="0" tests="6" name="TestCases.AboutFeature" time="84.607" errors="0" timestamp="2021-06-04T18:56:13 EET" skipped="5">
  <testcase classname="TestCases.AboutFeature" name="EditAll" time="84.607"/>
  <system-out/>
  <testcase classname="TestCases.AboutFeature" name="EditingHometown">
    <skipped/>
  </testcase> <!-- EditingHometown -->
  <system-out/>
  <testcase classname="TestCases.AboutFeature" name="EditingCurrentCity">
    <skipped/>
  </testcase> <!-- EditingCurrentCity -->
  <system-out/>
  <testcase classname="TestCases.AboutFeature" name="EditingDescription">
    <skipped/>
  </testcase> <!-- EditingDescription -->
  <system-out/>
  <testcase classname="TestCases.AboutFeature" name="EditingOccupation">
    <skipped/>
  </testcase> <!-- EditingOccupation -->
  <system-out/>
  <testcase classname="TestCases.AboutFeature" name="EditingUserEmail">
    <skipped/>
  </testcase> <!-- EditingUserEmail -->
  <system-out/>
</testsuite> <!-- TestCases.AboutFeature -->
